# Logfile created on 2014-01-21 13:10:18 -0600 by logger.rb/44203
I, [2014-01-21T13:10:18.056792 #40350]  INFO -- : 0:  rake (10.0.4) from /Users/tonycoco/.rbenv/versions/2.1.0/lib/ruby/gems/2.1.0/specifications/rake-10.0.4.gemspec
I, [2014-01-21T13:10:18.057355 #40350]  INFO -- : 0:  i18n (0.6.9) from /Users/tonycoco/.rbenv/versions/2.1.0/lib/ruby/gems/2.1.0/specifications/i18n-0.6.9.gemspec
I, [2014-01-21T13:10:18.057700 #40350]  INFO -- : 0:  minitest (4.7.5) from /Users/tonycoco/.rbenv/versions/2.1.0/lib/ruby/gems/2.1.0/specifications/default/minitest-4.7.5.gemspec
I, [2014-01-21T13:10:18.058052 #40350]  INFO -- : 0:  multi_json (1.8.4) from /Users/tonycoco/.rbenv/versions/2.1.0/lib/ruby/gems/2.1.0/specifications/multi_json-1.8.4.gemspec
I, [2014-01-21T13:10:18.058347 #40350]  INFO -- : 0:  atomic (1.1.14) from /Users/tonycoco/.rbenv/versions/2.1.0/lib/ruby/gems/2.1.0/specifications/atomic-1.1.14.gemspec
I, [2014-01-21T13:10:18.058676 #40350]  INFO -- : 0:  thread_safe (0.1.3) from /Users/tonycoco/.rbenv/versions/2.1.0/lib/ruby/gems/2.1.0/specifications/thread_safe-0.1.3.gemspec
I, [2014-01-21T13:10:18.058966 #40350]  INFO -- : 0:  tzinfo (0.3.38) from /Users/tonycoco/.rbenv/versions/2.1.0/lib/ruby/gems/2.1.0/specifications/tzinfo-0.3.38.gemspec
I, [2014-01-21T13:10:18.059258 #40350]  INFO -- : 0:  activesupport (4.0.2) from /Users/tonycoco/.rbenv/versions/2.1.0/lib/ruby/gems/2.1.0/specifications/activesupport-4.0.2.gemspec
I, [2014-01-21T13:10:18.762053 #40350]  INFO -- : 0:  progress (2.4.0) from /Users/tonycoco/.rbenv/versions/2.1.0/lib/ruby/gems/2.1.0/specifications/progress-2.4.0.gemspec
I, [2014-01-21T13:10:18.762410 #40350]  INFO -- : 0:  mime-types (2.0) from /Users/tonycoco/.rbenv/versions/2.1.0/lib/ruby/gems/2.1.0/specifications/mime-types-2.0.gemspec
I, [2014-01-21T13:10:18.762704 #40350]  INFO -- : 0:  rest-client (1.6.7) from /Users/tonycoco/.rbenv/versions/2.1.0/lib/ruby/gems/2.1.0/specifications/rest-client-1.6.7.gemspec
I, [2014-01-21T13:10:20.229427 #40350]  INFO -- : 0:  thor (0.15.4) from /Users/tonycoco/.rbenv/versions/2.1.0/lib/ruby/gems/2.1.0/specifications/thor-0.15.4.gemspec
I, [2014-01-21T13:10:21.891190 #40350]  INFO -- : 0:  anvil-cli (0.16.1) from /Users/tonycoco/.rbenv/versions/2.1.0/lib/ruby/gems/2.1.0/specifications/anvil-cli-0.16.1.gemspec
I, [2014-01-21T13:10:23.212011 #40350]  INFO -- : 0:  diff-lcs (1.1.3) from /Users/tonycoco/.rbenv/versions/2.1.0/lib/ruby/gems/2.1.0/specifications/diff-lcs-1.1.3.gemspec
I, [2014-01-21T13:10:23.212792 #40350]  INFO -- : 0:  excon (0.31.0) from /Users/tonycoco/.rbenv/versions/2.1.0/lib/ruby/gems/2.1.0/specifications/excon-0.31.0.gemspec
I, [2014-01-21T13:10:23.262144 #40350]  INFO -- : 0:  git (1.2.6) from /Users/tonycoco/.rbenv/versions/2.1.0/lib/ruby/gems/2.1.0/bundler/gems/ruby-git-264836fcff3c/git.gemspec
I, [2014-01-21T13:10:24.263073 #40350]  INFO -- : 0:  heroku-api (0.3.16) from /Users/tonycoco/.rbenv/versions/2.1.0/lib/ruby/gems/2.1.0/specifications/heroku-api-0.3.16.gemspec
I, [2014-01-21T13:10:24.933445 #40350]  INFO -- : 0:  repl_runner (0.0.2) from /Users/tonycoco/.rbenv/versions/2.1.0/lib/ruby/gems/2.1.0/specifications/repl_runner-0.0.2.gemspec
I, [2014-01-21T13:10:26.049950 #40350]  INFO -- : 0:  rrrretry (1.0.0) from /Users/tonycoco/.rbenv/versions/2.1.0/lib/ruby/gems/2.1.0/specifications/rrrretry-1.0.0.gemspec
I, [2014-01-21T13:10:27.860081 #40350]  INFO -- : 0:  heroku_hatchet (1.1.7) from /Users/tonycoco/.rbenv/versions/2.1.0/lib/ruby/gems/2.1.0/specifications/heroku_hatchet-1.1.7.gemspec
I, [2014-01-21T13:10:28.603403 #40350]  INFO -- : 0:  netrc (0.7.7) from /Users/tonycoco/.rbenv/versions/2.1.0/lib/ruby/gems/2.1.0/specifications/netrc-0.7.7.gemspec
I, [2014-01-21T13:10:29.252113 #40350]  INFO -- : 0:  parallel (0.6.5) from /Users/tonycoco/.rbenv/versions/2.1.0/lib/ruby/gems/2.1.0/specifications/parallel-0.6.5.gemspec
I, [2014-01-21T13:10:31.070722 #40350]  INFO -- : 0:  parallel_tests (0.13.1) from /Users/tonycoco/.rbenv/versions/2.1.0/lib/ruby/gems/2.1.0/specifications/parallel_tests-0.13.1.gemspec
I, [2014-01-21T13:10:33.178717 #40350]  INFO -- : 0:  rspec-core (2.13.1) from /Users/tonycoco/.rbenv/versions/2.1.0/lib/ruby/gems/2.1.0/specifications/rspec-core-2.13.1.gemspec
I, [2014-01-21T13:10:34.206149 #40350]  INFO -- : 0:  rspec-expectations (2.12.1) from /Users/tonycoco/.rbenv/versions/2.1.0/lib/ruby/gems/2.1.0/specifications/rspec-expectations-2.12.1.gemspec
I, [2014-01-21T13:10:35.504513 #40350]  INFO -- : 0:  rspec-mocks (2.13.1) from /Users/tonycoco/.rbenv/versions/2.1.0/lib/ruby/gems/2.1.0/specifications/rspec-mocks-2.13.1.gemspec
I, [2014-01-21T13:10:36.155287 #40350]  INFO -- : 0:  rspec (2.2.0) from /Users/tonycoco/.rbenv/versions/2.1.0/lib/ruby/gems/2.1.0/specifications/rspec-2.2.0.gemspec
I, [2014-01-21T13:10:37.293787 #40350]  INFO -- : 0:  rspec-retry (0.2.1) from /Users/tonycoco/.rbenv/versions/2.1.0/lib/ruby/gems/2.1.0/specifications/rspec-retry-0.2.1.gemspec
I, [2014-01-21T13:10:37.294189 #40350]  INFO -- : 0:  bundler (1.5.1) from /Users/tonycoco/.rbenv/versions/2.1.0/lib/ruby/gems/2.1.0/specifications/bundler-1.5.1.gemspec
